<?xml version="1.0" encoding="UTF-8"?>
<testng-results ignored="0" total="1" passed="1" failed="0" skipped="0">
  <reporter-output>
  </reporter-output>
  <suite started-at="2022-03-29T10:03:36 EDT" name="Default suite" finished-at="2022-03-29T10:03:47 EDT" duration-ms="11009">
    <groups>
    </groups>
    <test started-at="2022-03-29T10:03:36 EDT" name="Default test" finished-at="2022-03-29T10:03:47 EDT" duration-ms="11009">
      <class name="orangehrm.HRM">
        <test-method is-config="true" signature="driversetup()[pri:0, instance:orangehrm.HRM@2e005c4b]" started-at="2022-03-29T10:03:36 EDT" name="driversetup" finished-at="2022-03-29T10:03:36 EDT" duration-ms="11" status="PASS">
          <reporter-output>
          </reporter-output>
        </test-method> <!-- driversetup -->
        <test-method is-config="true" signature="Initialsetup()[pri:0, instance:orangehrm.HRM@2e005c4b]" started-at="2022-03-29T10:03:36 EDT" name="Initialsetup" finished-at="2022-03-29T10:03:42 EDT" duration-ms="6331" status="PASS">
          <reporter-output>
          </reporter-output>
        </test-method> <!-- Initialsetup -->
        <test-method signature="typename()[pri:0, instance:orangehrm.HRM@2e005c4b]" started-at="2022-03-29T10:03:42 EDT" name="typename" finished-at="2022-03-29T10:03:47 EDT" duration-ms="4616" status="PASS">
          <reporter-output>
          </reporter-output>
        </test-method> <!-- typename -->
      </class> <!-- orangehrm.HRM -->
    </test> <!-- Default test -->
  </suite> <!-- Default suite -->
</testng-results>
